<?xml version="1.0" encoding="UTF-8"?>
<!-- Generated by org.testng.reporters.JUnitReportReporter -->
<testsuite name="script.ValidLogin" tests="2" time="183.517" ignored="0" failures="0" timestamp="17 Oct 2017 07:55:48 GMT" skipped="0" hostname="SELENIUM-PC" errors="0">
  <testcase name="testValidLogin" time="90.753" classname="script.ValidLogin"/>
  <testcase name="testValidLogin" time="92.764" classname="script.ValidLogin"/>
</testsuite> <!-- script.ValidLogin -->
